Determining if the pthread_create exist failed with the following output:
Change Dir: /home/esteban/git/ScaleRatioICP/ContributionRateGeneration/build/CMakeFiles/CMakeTmp

Run Build Command:"/usr/bin/make" "cmTC_a3181/fast"
/usr/bin/make -f CMakeFiles/cmTC_a3181.dir/build.make CMakeFiles/cmTC_a3181.dir/build
make[1]: Entering directory '/home/esteban/git/ScaleRatioICP/ContributionRateGeneration/build/CMakeFiles/CMakeTmp'
Building C object CMakeFiles/cmTC_a3181.dir/CheckSymbolExists.c.o
/usr/bin/clang-10    -o CMakeFiles/cmTC_a3181.dir/CheckSymbolExists.c.o   -c /home/esteban/git/ScaleRatioICP/ContributionRateGeneration/build/CMakeFiles/CMakeTmp/CheckSymbolExists.c
Linking C executable cmTC_a3181
/usr/bin/cmake -E cmake_link_script CMakeFiles/cmTC_a3181.dir/link.txt --verbose=1
/usr/bin/clang-10      -rdynamic CMakeFiles/cmTC_a3181.dir/CheckSymbolExists.c.o  -o cmTC_a3181 
CMakeFiles/cmTC_a3181.dir/CheckSymbolExists.c.o: In function `main':
CheckSymbolExists.c:(.text+0x19): undefined reference to `pthread_create'
clang: error: linker command failed with exit code 1 (use -v to see invocation)
CMakeFiles/cmTC_a3181.dir/build.make:97: recipe for target 'cmTC_a3181' failed
make[1]: *** [cmTC_a3181] Error 1
make[1]: Leaving directory '/home/esteban/git/ScaleRatioICP/ContributionRateGeneration/build/CMakeFiles/CMakeTmp'
Makefile:126: recipe for target 'cmTC_a3181/fast' failed
make: *** [cmTC_a3181/fast] Error 2

File /home/esteban/git/ScaleRatioICP/ContributionRateGeneration/build/CMakeFiles/CMakeTmp/CheckSymbolExists.c:
/* */
#include <pthread.h>

int main(int argc, char** argv)
{
  (void)argv;
#ifndef pthread_create
  return ((int*)(&pthread_create))[argc];
#else
  (void)argc;
  return 0;
#endif
}

Determining if the function pthread_create exists in the pthreads failed with the following output:
Change Dir: /home/esteban/git/ScaleRatioICP/ContributionRateGeneration/build/CMakeFiles/CMakeTmp

Run Build Command:"/usr/bin/make" "cmTC_fef9e/fast"
/usr/bin/make -f CMakeFiles/cmTC_fef9e.dir/build.make CMakeFiles/cmTC_fef9e.dir/build
make[1]: Entering directory '/home/esteban/git/ScaleRatioICP/ContributionRateGeneration/build/CMakeFiles/CMakeTmp'
Building C object CMakeFiles/cmTC_fef9e.dir/CheckFunctionExists.c.o
/usr/bin/clang-10   -DCHECK_FUNCTION_EXISTS=pthread_create   -o CMakeFiles/cmTC_fef9e.dir/CheckFunctionExists.c.o   -c /usr/share/cmake-3.10/Modules/CheckFunctionExists.c
Linking C executable cmTC_fef9e
/usr/bin/cmake -E cmake_link_script CMakeFiles/cmTC_fef9e.dir/link.txt --verbose=1
/usr/bin/clang-10  -DCHECK_FUNCTION_EXISTS=pthread_create    -rdynamic CMakeFiles/cmTC_fef9e.dir/CheckFunctionExists.c.o  -o cmTC_fef9e -lpthreads 
/usr/bin/ld: cannot find -lpthreads
clang: error: linker command failed with exit code 1 (use -v to see invocation)
CMakeFiles/cmTC_fef9e.dir/build.make:97: recipe for target 'cmTC_fef9e' failed
make[1]: *** [cmTC_fef9e] Error 1
make[1]: Leaving directory '/home/esteban/git/ScaleRatioICP/ContributionRateGeneration/build/CMakeFiles/CMakeTmp'
Makefile:126: recipe for target 'cmTC_fef9e/fast' failed
make: *** [cmTC_fef9e/fast] Error 2


